<?xml version="1.0" encoding="UTF-8"?>
<!-- Generated by org.testng.reporters.JUnitReportReporter -->
<testsuite skipped="0" hostname="Sotateks-MacBook-Pro.local" name="excute.NewTest" tests="1" failures="0" timestamp="2021-05-02T11:21:48 ICT" time="54.513" errors="0">
  <testcase name="f" time="54.513" classname="excute.NewTest"/>
  <system-out/>
</testsuite> <!-- excute.NewTest -->
