<?xml version="1.0" encoding="UTF-8"?>
<!-- Generated by org.testng.reporters.JUnitReportReporter -->
<testsuite hostname="DESKTOP-UTIESKD" failures="0" tests="8" name="excute.TS03" time="93.708" errors="0" timestamp="2021-05-10T00:16:11 ICT" skipped="0">
  <testcase classname="excute.TS03" name="TC_03_DangKyKhongThanhCong_BoTrongTruongDL" time="12.847"/>
  <system-out/>
  <testcase classname="excute.TS03" name="TC_01_DangKyThanhCong" time="6.997"/>
  <system-out/>
  <testcase classname="excute.TS03" name="TC_04_DangKyKhongThanhCong_TrungEmail" time="27.888"/>
  <system-out/>
  <testcase classname="excute.TS03" name="TC_05_DangKyKhongThanhCong_TrungUserName" time="7.197"/>
  <system-out/>
  <testcase classname="excute.TS03" name="TC_06_DangKyKhongThanhCong_SaiEmail" time="7.405"/>
  <system-out/>
  <testcase classname="excute.TS03" name="TC_07_DangKy_DaCoTaiKhoan_DangNhap" time="14.338"/>
  <system-out/>
  <testcase classname="excute.TS03" name="TC_08_DangKy_QuenMatKhau" time="7.745"/>
  <system-out/>
  <testcase classname="excute.TS03" name="TC_02_DangKyKhongThanhCong_BoTrongAll" time="9.291"/>
  <system-out/>
</testsuite> <!-- excute.TS03 -->
