<?xml version="1.0" encoding="UTF-8"?>
<!-- Generated by org.testng.reporters.JUnitReportReporter -->
<testsuite skipped="0" hostname="Sotateks-MacBook-Pro.local" name="excute.TS_DangNhap" tests="1" failures="0" timestamp="2021-05-13T23:31:51 ICT" time="7.947" errors="0">
  <testcase name="TC_01_DangNhapThanhCong" time="7.947" classname="excute.TS_DangNhap"/>
  <system-out/>
</testsuite> <!-- excute.TS_DangNhap -->
