<?xml version="1.0" encoding="UTF-8"?>
<!-- Generated by org.testng.reporters.JUnitReportReporter -->
<testsuite skipped="0" hostname="Sotateks-MacBook-Pro.local" name="excute.TS_ThemSach" tests="2" failures="0" timestamp="2021-05-27T12:27:55 ICT" time="38.254" errors="0">
  <testcase name="TC_02_ThemKhongThanhCong" time="13.517" classname="excute.TS_ThemSach"/>
  <system-out/>
  <testcase name="TC_01_ThemThanhCong" time="24.737" classname="excute.TS_ThemSach"/>
  <system-out/>
</testsuite> <!-- excute.TS_ThemSach -->
